<?xml version="1.0" encoding="UTF-8"?>
<TestRun id="19bbaa8a-66f6-4a46-8140-c7599ebc8f4e" name="tmguser@D-113062307 2015-02-05 15:17:07" runUser="D-113062307\tmguser" xmlns="http://microsoft.com/schemas/VisualStudio/TeamTest/2010">
  <TestSettings name="Local" id="1839b50e-d1d0-4653-bbec-d8fec27a3e79">
    <Description>These are default test settings for a local test run.</Description>
    <Deployment enabled="false" runDeploymentRoot="tmguser_D-113062307 2015-02-05 15_17_07">
      <DeploymentItem filename="C:\Users\tmguser\Desktop\RLL Solutions\OnlineHotelManagementSystem\EntityLayers\bin\Debug\EntityLayers.dll" />
      <DeploymentItem filename="C:\Users\tmguser\Desktop\RLL Solutions\OnlineHotelManagementSystem\DataAccessLayer\bin\Debug\DataAccessLayer.dll" />
    </Deployment>
    <Execution>
      <TestTypeSpecific />
      <AgentRule name="Execution Agents">
      </AgentRule>
    </Execution>
  </TestSettings>
  <Times creation="2015-02-05T15:17:07.7942839+05:30" queuing="2015-02-05T15:17:07.8272839+05:30" start="2015-02-05T15:17:07.8312839+05:30" finish="2015-02-05T15:17:08.4922839+05:30" />
  <ResultSummary outcome="Failed">
    <Counters total="1" executed="1" error="0" failed="1" timeout="0" aborted="0" inconclusive="0" passedButRunAborted="0" notRunnable="0" notExecuted="0" disconnected="0" warning="0" passed="0" completed="0" inProgress="0" pending="0" />
  </ResultSummary>
  <TestDefinitions>
    <UnitTest name="RegistraionTest" storage="c:\users\tmguser\desktop\rll solutions\onlinehotelmanagementsystem\ohmtestproject\bin\debug\ohmtestproject.dll" id="6d18e798-283d-801c-6989-e9079a7e6ac5">
      <Execution id="02e68b84-fcef-4651-80b1-cf4727105a0f" />
      <TestMethod codeBase="C:/Users/tmguser/Desktop/RLL Solutions/OnlineHotelManagementSystem/OHMTestProject/bin/Debug/OHMTestProject.DLL" adapterTypeName="Microsoft.VisualStudio.TestTools.TestTypes.Unit.UnitTestAdapter, Microsoft.VisualStudio.QualityTools.Tips.UnitTest.Adapter, Version=10.0.0.0, Culture=neutral, PublicKeyToken=b03f5f7f11d50a3a" className="OHMTestProject.UserOperationTest, OHMTestProject, Version=1.0.0.0, Culture=neutral, PublicKeyToken=null" name="RegistraionTest" />
    </UnitTest>
  </TestDefinitions>
  <TestLists>
    <TestList name="Results Not in a List" id="8c84fa94-04c1-424b-9868-57a2d4851a1d" />
    <TestList name="All Loaded Results" id="19431567-8539-422a-85d7-44ee4e166bda" />
  </TestLists>
  <TestEntries>
    <TestEntry testId="6d18e798-283d-801c-6989-e9079a7e6ac5" executionId="02e68b84-fcef-4651-80b1-cf4727105a0f" testListId="8c84fa94-04c1-424b-9868-57a2d4851a1d" />
  </TestEntries>
  <Results>
    <UnitTestResult executionId="02e68b84-fcef-4651-80b1-cf4727105a0f" testId="6d18e798-283d-801c-6989-e9079a7e6ac5" testName="RegistraionTest" computerName="D-113062307" duration="00:00:00.0220842" startTime="2015-02-05T15:17:07.8332839+05:30" endTime="2015-02-05T15:17:07.9982839+05:30" testType="13cdc9d9-ddb5-4fa4-a97d-d965ccfc6d4b" outcome="Failed" testListId="8c84fa94-04c1-424b-9868-57a2d4851a1d" relativeResultsDirectory="02e68b84-fcef-4651-80b1-cf4727105a0f">
      <Output>
        <ErrorInfo>
          <Message>Test method OHMTestProject.UserOperationTest.RegistraionTest threw exception: 
System.NullReferenceException: Object reference not set to an instance of an object.</Message>
          <StackTrace>    at DataAccessLayer.UserOperation..ctor() in C:\Users\tmguser\Desktop\RLL Solutions\OnlineHotelManagementSystem\DataAccessLayer\UserOperation.cs:line 15
   at OHMTestProject.UserOperationTest.RegistraionTest() in C:\Users\tmguser\Desktop\RLL Solutions\OnlineHotelManagementSystem\OHMTestProject\UserOperationTest.cs:line 74
</StackTrace>
        </ErrorInfo>
      </Output>
    </UnitTestResult>
  </Results>
</TestRun>