<?xml version="1.0" encoding="UTF-8"?>
<TestRun id="8a80ee05-1622-4ee3-8528-be8f5c0e32e0" name="tmguser@D-113062307 2015-02-05 15:18:35" runUser="D-113062307\tmguser" xmlns="http://microsoft.com/schemas/VisualStudio/TeamTest/2010">
  <TestSettings name="Local" id="1839b50e-d1d0-4653-bbec-d8fec27a3e79">
    <Description>These are default test settings for a local test run.</Description>
    <Deployment enabled="false" runDeploymentRoot="tmguser_D-113062307 2015-02-05 15_18_35">
      <DeploymentItem filename="C:\Users\tmguser\Desktop\RLL Solutions\OnlineHotelManagementSystem\EntityLayers\bin\Debug\EntityLayers.dll" />
      <DeploymentItem filename="C:\Users\tmguser\Desktop\RLL Solutions\OnlineHotelManagementSystem\DataAccessLayer\bin\Debug\DataAccessLayer.dll" />
    </Deployment>
    <Execution>
      <TestTypeSpecific />
      <AgentRule name="Execution Agents">
      </AgentRule>
    </Execution>
  </TestSettings>
  <Times creation="2015-02-05T15:18:35.5572839+05:30" queuing="2015-02-05T15:18:35.5862839+05:30" start="2015-02-05T15:18:35.5902839+05:30" finish="2015-02-05T15:18:37.4862839+05:30" />
  <ResultSummary outcome="Completed">
    <Counters total="1" executed="1" passed="1" error="0" failed="0" timeout="0" aborted="0" inconclusive="0" passedButRunAborted="0" notRunnable="0" notExecuted="0" disconnected="0" warning="0" completed="0" inProgress="0" pending="0" />
  </ResultSummary>
  <TestDefinitions>
    <UnitTest name="RegistraionTest" storage="c:\users\tmguser\desktop\rll solutions\onlinehotelmanagementsystem\ohmtestproject\bin\debug\ohmtestproject.dll" id="6d18e798-283d-801c-6989-e9079a7e6ac5">
      <Execution id="f0b51477-4298-41cb-a36a-c734ecd15565" />
      <TestMethod codeBase="C:/Users/tmguser/Desktop/RLL Solutions/OnlineHotelManagementSystem/OHMTestProject/bin/Debug/OHMTestProject.DLL" adapterTypeName="Microsoft.VisualStudio.TestTools.TestTypes.Unit.UnitTestAdapter, Microsoft.VisualStudio.QualityTools.Tips.UnitTest.Adapter, Version=10.0.0.0, Culture=neutral, PublicKeyToken=b03f5f7f11d50a3a" className="OHMTestProject.UserOperationTest, OHMTestProject, Version=1.0.0.0, Culture=neutral, PublicKeyToken=null" name="RegistraionTest" />
    </UnitTest>
  </TestDefinitions>
  <TestLists>
    <TestList name="Results Not in a List" id="8c84fa94-04c1-424b-9868-57a2d4851a1d" />
    <TestList name="All Loaded Results" id="19431567-8539-422a-85d7-44ee4e166bda" />
  </TestLists>
  <TestEntries>
    <TestEntry testId="6d18e798-283d-801c-6989-e9079a7e6ac5" executionId="f0b51477-4298-41cb-a36a-c734ecd15565" testListId="8c84fa94-04c1-424b-9868-57a2d4851a1d" />
  </TestEntries>
  <Results>
    <UnitTestResult executionId="f0b51477-4298-41cb-a36a-c734ecd15565" testId="6d18e798-283d-801c-6989-e9079a7e6ac5" testName="RegistraionTest" computerName="D-113062307" duration="00:00:00.1099703" startTime="2015-02-05T15:18:35.5912839+05:30" endTime="2015-02-05T15:18:35.8422839+05:30" testType="13cdc9d9-ddb5-4fa4-a97d-d965ccfc6d4b" outcome="Passed" testListId="8c84fa94-04c1-424b-9868-57a2d4851a1d" relativeResultsDirectory="f0b51477-4298-41cb-a36a-c734ecd15565">
    </UnitTestResult>
  </Results>
</TestRun>