<?xml version="1.0" encoding="UTF-8"?>
<TestRun id="ecb15887-b9be-4177-8c47-e7f549317194" name="tmguser@D-113062307 2015-02-13 11:26:48" runUser="D-113062307\tmguser" xmlns="http://microsoft.com/schemas/VisualStudio/TeamTest/2010">
  <TestSettings name="Local" id="1839b50e-d1d0-4653-bbec-d8fec27a3e79">
    <Description>These are default test settings for a local test run.</Description>
    <Deployment enabled="false" runDeploymentRoot="tmguser_D-113062307 2015-02-13 11_26_48">
      <DeploymentItem filename="C:\Users\tmguser\Desktop\RLL Solutions\OnlineHotelManagementSystem\EntityLayers\bin\Debug\EntityLayers.dll" />
      <DeploymentItem filename="C:\Users\tmguser\Desktop\RLL Solutions\OnlineHotelManagementSystem\DataAccessLayer\bin\Debug\DataAccessLayer.dll" />
    </Deployment>
    <Execution>
      <TestTypeSpecific />
      <AgentRule name="Execution Agents">
      </AgentRule>
    </Execution>
  </TestSettings>
  <Times creation="2015-02-13T11:26:48.6233182+05:30" queuing="2015-02-13T11:26:49.6644223+05:30" start="2015-02-13T11:26:49.7064265+05:30" finish="2015-02-13T11:26:50.2304789+05:30" />
  <ResultSummary outcome="Failed">
    <Counters total="2" executed="2" error="0" failed="2" timeout="0" aborted="0" inconclusive="0" passedButRunAborted="0" notRunnable="0" notExecuted="0" disconnected="0" warning="0" passed="0" completed="0" inProgress="0" pending="0" />
  </ResultSummary>
  <TestDefinitions>
    <UnitTest name="Login1Test" storage="c:\users\tmguser\desktop\rll solutions\onlinehotelmanagementsystem\ohmtestproject\bin\debug\ohmtestproject.dll" id="64f34bdd-7abf-7e7d-d28a-0b5af0971755">
      <Execution id="6a181dc7-8880-4ed5-86d1-f9f52d6950ae" />
      <TestMethod codeBase="C:/Users/tmguser/Desktop/RLL Solutions/OnlineHotelManagementSystem/OHMTestProject/bin/Debug/OHMTestProject.DLL" adapterTypeName="Microsoft.VisualStudio.TestTools.TestTypes.Unit.UnitTestAdapter, Microsoft.VisualStudio.QualityTools.Tips.UnitTest.Adapter, Version=10.0.0.0, Culture=neutral, PublicKeyToken=b03f5f7f11d50a3a" className="OHMTestProject.UtilityOperationTest, OHMTestProject, Version=1.0.0.0, Culture=neutral, PublicKeyToken=null" name="Login1Test" />
    </UnitTest>
    <UnitTest name="RegistraionTest" storage="c:\users\tmguser\desktop\rll solutions\onlinehotelmanagementsystem\ohmtestproject\bin\debug\ohmtestproject.dll" id="6d18e798-283d-801c-6989-e9079a7e6ac5">
      <Execution id="894132df-d5a8-4797-ad3a-14a0b6376dda" />
      <TestMethod codeBase="C:/Users/tmguser/Desktop/RLL Solutions/OnlineHotelManagementSystem/OHMTestProject/bin/Debug/OHMTestProject.DLL" adapterTypeName="Microsoft.VisualStudio.TestTools.TestTypes.Unit.UnitTestAdapter, Microsoft.VisualStudio.QualityTools.Tips.UnitTest.Adapter, Version=10.0.0.0, Culture=neutral, PublicKeyToken=b03f5f7f11d50a3a" className="OHMTestProject.UserOperationTest, OHMTestProject, Version=1.0.0.0, Culture=neutral, PublicKeyToken=null" name="RegistraionTest" />
    </UnitTest>
  </TestDefinitions>
  <TestLists>
    <TestList name="Results Not in a List" id="8c84fa94-04c1-424b-9868-57a2d4851a1d" />
    <TestList name="All Loaded Results" id="19431567-8539-422a-85d7-44ee4e166bda" />
  </TestLists>
  <TestEntries>
    <TestEntry testId="64f34bdd-7abf-7e7d-d28a-0b5af0971755" executionId="6a181dc7-8880-4ed5-86d1-f9f52d6950ae" testListId="8c84fa94-04c1-424b-9868-57a2d4851a1d" />
    <TestEntry testId="6d18e798-283d-801c-6989-e9079a7e6ac5" executionId="894132df-d5a8-4797-ad3a-14a0b6376dda" testListId="8c84fa94-04c1-424b-9868-57a2d4851a1d" />
  </TestEntries>
  <Results>
    <UnitTestResult executionId="6a181dc7-8880-4ed5-86d1-f9f52d6950ae" testId="64f34bdd-7abf-7e7d-d28a-0b5af0971755" testName="Login1Test" computerName="D-113062307" duration="00:00:00.0510150" startTime="2015-02-13T11:26:49.7424301+05:30" endTime="2015-02-13T11:26:50.0164575+05:30" testType="13cdc9d9-ddb5-4fa4-a97d-d965ccfc6d4b" outcome="Failed" testListId="8c84fa94-04c1-424b-9868-57a2d4851a1d" relativeResultsDirectory="6a181dc7-8880-4ed5-86d1-f9f52d6950ae">
      <Output>
        <ErrorInfo>
          <Message>Test method OHMTestProject.UtilityOperationTest.Login1Test threw exception: 
System.NullReferenceException: Object reference not set to an instance of an object.</Message>
          <StackTrace>    at DataAccessLayer.UtilityOperation..ctor() in C:\Users\tmguser\Desktop\RLL Solutions\OnlineHotelManagementSystem\DataAccessLayer\UtilityOperation.cs:line 31
   at OHMTestProject.UtilityOperationTest.Login1Test() in C:\Users\tmguser\Desktop\RLL Solutions\OnlineHotelManagementSystem\OHMTestProject\UtilityOperationTest.cs:line 74
</StackTrace>
        </ErrorInfo>
      </Output>
    </UnitTestResult>
    <UnitTestResult executionId="894132df-d5a8-4797-ad3a-14a0b6376dda" testId="6d18e798-283d-801c-6989-e9079a7e6ac5" testName="RegistraionTest" computerName="D-113062307" duration="00:00:00.1964664" startTime="2015-02-13T11:26:50.0174576+05:30" endTime="2015-02-13T11:26:50.2154774+05:30" testType="13cdc9d9-ddb5-4fa4-a97d-d965ccfc6d4b" outcome="Failed" testListId="8c84fa94-04c1-424b-9868-57a2d4851a1d" relativeResultsDirectory="894132df-d5a8-4797-ad3a-14a0b6376dda">
      <Output>
        <ErrorInfo>
          <Message>Assert.AreEqual failed. Expected:&lt;1&gt;. Actual:&lt;-1&gt;. </Message>
          <StackTrace>   at OHMTestProject.UserOperationTest.RegistraionTest() in C:\Users\tmguser\Desktop\RLL Solutions\OnlineHotelManagementSystem\OHMTestProject\UserOperationTest.cs:line 104
</StackTrace>
        </ErrorInfo>
      </Output>
    </UnitTestResult>
  </Results>
</TestRun>